/var/spool/slurm/d/job130570/slurm_script: line 13: activate: No such file or directory
[rank: 0] Seed set to 42
GPU available: True (cuda), used: True
TPU available: False, using: 0 TPU cores
HPU available: False, using: 0 HPUs
[rank: 0] Seed set to 42
Initializing distributed: GLOBAL_RANK: 0, MEMBER: 1/8
[rank: 4] Seed set to 42
[rank: 6] Seed set to 42
[rank: 7] Seed set to 42
[rank: 2] Seed set to 42
[rank: 3] Seed set to 42
[rank: 5] Seed set to 42
[rank: 4] Seed set to 42
Initializing distributed: GLOBAL_RANK: 4, MEMBER: 5/8
[rank: 6] Seed set to 42
[rank: 1] Seed set to 42
Initializing distributed: GLOBAL_RANK: 6, MEMBER: 7/8
[rank: 7] Seed set to 42
Initializing distributed: GLOBAL_RANK: 7, MEMBER: 8/8
[rank: 2] Seed set to 42
Initializing distributed: GLOBAL_RANK: 2, MEMBER: 3/8
[rank: 5] Seed set to 42
[rank: 3] Seed set to 42
Initializing distributed: GLOBAL_RANK: 5, MEMBER: 6/8
Initializing distributed: GLOBAL_RANK: 3, MEMBER: 4/8
[rank: 1] Seed set to 42
Initializing distributed: GLOBAL_RANK: 1, MEMBER: 2/8
----------------------------------------------------------------------------------------------------
distributed_backend=nccl
All distributed processes registered. Starting with 8 processes
----------------------------------------------------------------------------------------------------

LOCAL_RANK: 0 - CUDA_VISIBLE_DEVICES: [0,1,2,3,4,5,6,7]
LOCAL_RANK: 2 - CUDA_VISIBLE_DEVICES: [0,1,2,3,4,5,6,7]
LOCAL_RANK: 4 - CUDA_VISIBLE_DEVICES: [0,1,2,3,4,5,6,7]
LOCAL_RANK: 6 - CUDA_VISIBLE_DEVICES: [0,1,2,3,4,5,6,7]
LOCAL_RANK: 7 - CUDA_VISIBLE_DEVICES: [0,1,2,3,4,5,6,7]
LOCAL_RANK: 1 - CUDA_VISIBLE_DEVICES: [0,1,2,3,4,5,6,7]
LOCAL_RANK: 5 - CUDA_VISIBLE_DEVICES: [0,1,2,3,4,5,6,7]
LOCAL_RANK: 3 - CUDA_VISIBLE_DEVICES: [0,1,2,3,4,5,6,7]

  | Name | Type     | Params | Mode  | In sizes       | Out sizes     
----------------------------------------------------------------------------
0 | cnn  | CNNModel | 1.5 M  | train | [1, 3, 32, 32] | [[1], [1, 10]]
----------------------------------------------------------------------------
1.5 M     Trainable params
0         Non-trainable params
1.5 M     Total params
5.869     Total estimated model params size (MB)
109       Modules in train mode
0         Modules in eval mode
slurmstepd: error: *** JOB 130570 ON g02n05 CANCELLED AT 2025-08-04T20:16:54 ***
[rank: 3] Received SIGTERM: 15
[rank: 4] Received SIGTERM: 15
[rank: 1] Received SIGTERM: 15
[rank: 7] Received SIGTERM: 15
[rank: 0] Received SIGTERM: 15
[rank: 1] Received SIGTERM: 15
[rank: 4] Received SIGTERM: 15
[rank: 7] Received SIGTERM: 15
[rank: 3] Received SIGTERM: 15
[rank: 6] Received SIGTERM: 15
[rank: 2] Received SIGTERM: 15
[rank: 2] Received SIGTERM: 15
--- Logging error ---
[rank: 5] Received SIGTERM: 15
